A D/admtlm////
A D/aim////
A D/aim_compon_interf////
A D/aim_ocn_coupler////
A D/aim_v23////
A D/atm_common////
A D/autodiff////
A D/bulk_force////
A D/cal////
A D/cd_code////
A D/cfc////
A D/chronos////
A D/compon_communic////
A D/cost////
A D/ctrl////
A D/debug////
A D/diagnostics////
A D/dic////
A D/ebm////
A D/ecco////
A D/embed_files////
A D/ex3////
A D/exch2////
A D/exf////
A D/fizhi////
A D/flt////
A D/gchem////
A D/generic_advdiff////
A D/ggl90////
A D/gmredi////
A D/grdchk////
A D/gridalt////
A D/kpp////
A D/land////
A D/matrix////
A D/mdsio////
A D/mnc////
A D/mom_common////
A D/mom_fluxform////
A D/mom_vecinv////
A D/monitor////
A D/my82////
A D/obcs////
A D/ocn_compon_interf////
A D/offline////
A D/opps////
A D/pp81////
A D/ptracers////
A D/rbcs////
A D/runclock////
A D/rw////
A D/sbo////
A D/seaice////
A D/shap_filt////
A D/shelfice////
A D/solver////
A D/sphere////
A D/therm_seaice////
A D/thsice////
A D/timeave////
A D/zonal_filt////
